<?xml version="1.0" encoding="UTF-8"?>
<!-- Generated by org.testng.reporters.JUnitReportReporter -->
<testsuite skipped="2" hostname="DESKTOP-JAH0D27" name="com.citi.test.RunSingleSuite" tests="2" failures="0" timestamp="27 Nov 2021 14:07:18 GMT" time="0.492" errors="0">
  <testcase name="runScenario" time="0.489" classname="com.citi.test.RunSingleSuite">
    <skipped/>
  </testcase> <!-- runScenario -->
  <testcase name="runScenario" time="0.003" classname="com.citi.test.RunSingleSuite">
    <skipped/>
  </testcase> <!-- runScenario -->
</testsuite> <!-- com.citi.test.RunSingleSuite -->
